Arguments: 
  D:\Program Files\nodejs\node.exe C:\Users\lijif\AppData\Roaming\npm\node_modules\yarn\bin\yarn.js

PATH: 
  C:\ProgramData\Oracle\Java\javapath;C:\WINDOWS\system32;C:\WINDOWS;C:\WINDOWS\System32\Wbem;C:\WINDOWS\System32\WindowsPowerShell\v1.0\;C:\WINDOWS\System32\OpenSSH\;D:\Program Files\Git\cmd;D:\Program Files\TortoiseSVN\bin;D:\Program Files\nodejs\;C:\Users\lijif\AppData\Local\Yarn\bin;C:\Users\lijif\AppData\Local\Microsoft\WindowsApps;D:\Program Files\Microsoft VS Code\bin;D:\work\software\Sdk\platform-tools;D:\work\software\Sdk\emulator;D:\work\software\Sdk\tools;D:\work\software\Sdk\tools\bin;C:\Users\lijif\AppData\Roaming\npm;

Yarn version: 
  1.22.10

Node version: 
  16.14.0

Platform: 
  win32 x64

Trace: 
  Error: EEXIST: file already exists, mkdir 'D:\work\hdzh_zg_web\node_modules\eslint-plugin-jest\node_modules\@typescript-eslint'

npm manifest: 
  {
    "private": true,
    "author": "ljf",
    "scripts": {
      "dev": "max dev",
      "build": "max build",
      "prepare": "husky install",
      "postinstall": "max setup",
      "setup": "max setup",
      "start": "npm run dev"
    },
    "dependencies": {
      "@ant-design/icons": "^4.7.0",
      "@ant-design/pro-components": "^1.1.3",
      "@umijs/max": "^4.0.6",
      "ahooks": "^3.7.1",
      "antd": "^4.20.7",
      "dayjs": "^1.11.5",
      "lodash": "^4.17.21",
      "rc-queue-anim": "^2.0.0",
      "react-unity-webgl": "7"
    },
    "devDependencies": {
      "@types/lodash": "^4.14.184",
      "@types/react": "^18.0.0",
      "@types/react-dom": "^18.0.0",
      "husky": "^8.0.1",
      "lint-staged": "^13.0.3",
      "prettier": "^2",
      "prettier-plugin-organize-imports": "^2",
      "prettier-plugin-packagejson": "^2",
      "typescript": "^4.1.2"
    }
  }

yarn manifest: 
  No manifest

Lockfile: 
  No lockfile
